[2026-01-24 02:51:41] - [INFO] - [MainThread] - Successfully loaded data from /Users/as-mac-1233/Documents/hospital/data/patient.json
[2026-01-24 02:51:41] - [INFO] - [MainThread] - Successfully loaded data from /Users/as-mac-1233/Documents/hospital/data/patient.json
[2026-01-24 02:51:41] - [INFO] - [MainThread] - Successfully saved data to /Users/as-mac-1233/Documents/hospital/data/patient.json
[2026-01-24 02:53:33] - [INFO] - [MainThread] - Successfully loaded data from /Users/as-mac-1233/Documents/hospital/data/doctor.json
[2026-01-24 02:53:33] - [INFO] - [MainThread] - Successfully loaded data from /Users/as-mac-1233/Documents/hospital/data/doctor.json
[2026-01-24 02:53:33] - [INFO] - [MainThread] - Successfully saved data to /Users/as-mac-1233/Documents/hospital/data/doctor.json
[2026-01-24 02:54:47] - [INFO] - [MainThread] - Successfully loaded data from /Users/as-mac-1233/Documents/hospital/data/patient.json
[2026-01-24 02:55:24] - [INFO] - [MainThread] - Successfully loaded data from /Users/as-mac-1233/Documents/hospital/data/doctor.json
[2026-01-24 02:55:24] - [INFO] - [MainThread] - Successfully loaded data from /Users/as-mac-1233/Documents/hospital/data/doctor.json
[2026-01-24 02:55:45] - [INFO] - [MainThread] - Successfully loaded data from /Users/as-mac-1233/Documents/hospital/data/doctor.json
[2026-01-24 02:56:01] - [INFO] - [MainThread] - Successfully loaded data from /Users/as-mac-1233/Documents/hospital/data/appointment.json
[2026-01-24 02:56:47] - [INFO] - [MainThread] - Successfully loaded data from /Users/as-mac-1233/Documents/hospital/data/patient.json
[2026-01-24 02:57:29] - [INFO] - [MainThread] - Successfully loaded data from /Users/as-mac-1233/Documents/hospital/data/doctor.json
[2026-01-24 02:57:29] - [INFO] - [MainThread] - Successfully loaded data from /Users/as-mac-1233/Documents/hospital/data/doctor.json
[2026-01-24 02:57:35] - [INFO] - [MainThread] - Successfully loaded data from /Users/as-mac-1233/Documents/hospital/data/doctor.json
[2026-01-24 02:57:49] - [INFO] - [MainThread] - Successfully loaded data from /Users/as-mac-1233/Documents/hospital/data/appointment.json
[2026-01-24 03:00:48] - [INFO] - [MainThread] - Successfully loaded data from /Users/as-mac-1233/Documents/hospital/data/doctor.json
[2026-01-24 03:00:48] - [INFO] - [MainThread] - Successfully loaded data from /Users/as-mac-1233/Documents/hospital/data/doctor.json
[2026-01-24 03:00:50] - [INFO] - [MainThread] - Successfully loaded data from /Users/as-mac-1233/Documents/hospital/data/doctor.json
[2026-01-24 03:01:24] - [INFO] - [MainThread] - Successfully loaded data from /Users/as-mac-1233/Documents/hospital/data/patient.json
[2026-01-24 03:01:29] - [INFO] - [MainThread] - Successfully loaded data from /Users/as-mac-1233/Documents/hospital/data/appointment.json
[2026-01-24 03:01:34] - [INFO] - [MainThread] - Successfully loaded data from /Users/as-mac-1233/Documents/hospital/data/doctor.json
[2026-01-24 03:01:34] - [INFO] - [MainThread] - Successfully loaded data from /Users/as-mac-1233/Documents/hospital/data/doctor.json
[2026-01-24 03:01:35] - [INFO] - [MainThread] - Successfully loaded data from /Users/as-mac-1233/Documents/hospital/data/doctor.json
[2026-01-24 03:04:04] - [INFO] - [MainThread] - Successfully loaded data from /Users/as-mac-1233/Documents/hospital/data/patient.json
[2026-01-24 03:04:15] - [INFO] - [MainThread] - Successfully loaded data from /Users/as-mac-1233/Documents/hospital/data/appointment.json
[2026-01-24 03:04:18] - [INFO] - [MainThread] - Successfully loaded data from /Users/as-mac-1233/Documents/hospital/data/doctor.json
[2026-01-24 03:04:18] - [INFO] - [MainThread] - Successfully loaded data from /Users/as-mac-1233/Documents/hospital/data/doctor.json
[2026-01-24 03:04:21] - [INFO] - [MainThread] - Successfully loaded data from /Users/as-mac-1233/Documents/hospital/data/doctor.json
[2026-01-24 03:04:29] - [INFO] - [PatientThread-P0001] - Successfully loaded data from /Users/as-mac-1233/Documents/hospital/data/doctor.json
[2026-01-24 03:04:29] - [INFO] - [PatientThread-P0001] - Successfully loaded data from /Users/as-mac-1233/Documents/hospital/data/appointment.json
[2026-01-24 03:04:29] - [INFO] - [PatientThread-P0001] - Successfully loaded data from /Users/as-mac-1233/Documents/hospital/data/appointment.json
[2026-01-24 03:04:29] - [INFO] - [PatientThread-P0001] - Successfully saved data to /Users/as-mac-1233/Documents/hospital/data/appointment.json
[2026-01-24 03:04:29] - [INFO] - [PatientThread-P0001] - Successfully loaded data from /Users/as-mac-1233/Documents/hospital/data/doctor.json
[2026-01-24 03:04:29] - [INFO] - [PatientThread-P0001] - Successfully saved data to /Users/as-mac-1233/Documents/hospital/data/doctor.json
[2026-01-24 03:04:52] - [INFO] - [MainThread] - Successfully loaded data from /Users/as-mac-1233/Documents/hospital/data/appointment.json
[2026-01-24 03:05:22] - [INFO] - [MainThread] - Successfully loaded data from /Users/as-mac-1233/Documents/hospital/data/doctor.json
[2026-01-24 03:05:30] - [INFO] - [MainThread] - Successfully loaded data from /Users/as-mac-1233/Documents/hospital/data/doctor.json
[2026-01-24 03:05:51] - [INFO] - [MainThread] - Successfully loaded data from /Users/as-mac-1233/Documents/hospital/data/appointment.json
[2026-01-24 03:06:10] - [INFO] - [MainThread] - Successfully loaded data from /Users/as-mac-1233/Documents/hospital/data/patient.json
[2026-01-24 03:06:10] - [INFO] - [MainThread] - Successfully loaded data from /Users/as-mac-1233/Documents/hospital/data/doctor.json
[2026-01-24 03:06:10] - [INFO] - [MainThread] - Successfully loaded data from /Users/as-mac-1233/Documents/hospital/data/appointment.json
[2026-01-24 03:06:35] - [INFO] - [MainThread] - Successfully loaded data from /Users/as-mac-1233/Documents/hospital/data/patient.json
[2026-01-24 03:06:38] - [INFO] - [MainThread] - Successfully loaded data from /Users/as-mac-1233/Documents/hospital/data/doctor.json
[2026-01-24 03:07:16] - [INFO] - [MainThread] - Successfully loaded data from /Users/as-mac-1233/Documents/hospital/data/appointment.json
[2026-01-24 03:08:44] - [INFO] - [MainThread] - Successfully loaded data from /Users/as-mac-1233/Documents/hospital/data/appointment.json
[2026-01-24 03:08:44] - [INFO] - [MainThread] - Successfully loaded data from /Users/as-mac-1233/Documents/hospital/data/appointment.json
[2026-01-24 03:08:45] - [INFO] - [MainThread] - Successfully loaded data from /Users/as-mac-1233/Documents/hospital/data/appointment.json
[2026-01-24 03:08:45] - [INFO] - [MainThread] - Generated diagnostic report for patient P0001
[2026-01-24 03:08:45] - [INFO] - [MainThread] - Successfully loaded data from /Users/as-mac-1233/Documents/hospital/data/appointment.json
[2026-01-24 03:08:46] - [INFO] - [MainThread] - Successfully loaded data from /Users/as-mac-1233/Documents/hospital/data/appointment.json
[2026-01-24 03:09:51] - [INFO] - [MainThread] - Successfully loaded data from /Users/as-mac-1233/Documents/hospital/data/patient.json
[2026-01-24 03:09:56] - [INFO] - [MainThread] - Successfully loaded data from /Users/as-mac-1233/Documents/hospital/data/appointment.json
[2026-01-24 03:10:34] - [INFO] - [MainThread] - Successfully loaded data from /Users/as-mac-1233/Documents/hospital/data/doctor.json
[2026-01-24 03:11:07] - [INFO] - [MainThread] - Successfully loaded data from /Users/as-mac-1233/Documents/hospital/data/appointment.json
[2026-01-24 03:11:18] - [INFO] - [MainThread] - Successfully loaded data from /Users/as-mac-1233/Documents/hospital/data/doctor.json
[2026-01-24 13:04:33] - [INFO] - [MainThread] - Successfully loaded data from /Users/as-mac-1233/Documents/hospital/data/patient.json
[2026-01-24 13:04:33] - [INFO] - [MainThread] - Successfully loaded data from /Users/as-mac-1233/Documents/hospital/data/patient.json
[2026-01-24 13:04:33] - [INFO] - [MainThread] - Successfully saved data to /Users/as-mac-1233/Documents/hospital/data/patient.json
[2026-01-24 13:05:16] - [INFO] - [MainThread] - Successfully loaded data from /Users/as-mac-1233/Documents/hospital/data/patient.json
[2026-01-24 13:05:47] - [INFO] - [MainThread] - Successfully loaded data from /Users/as-mac-1233/Documents/hospital/data/doctor.json
[2026-01-24 13:05:47] - [INFO] - [MainThread] - Successfully loaded data from /Users/as-mac-1233/Documents/hospital/data/doctor.json
[2026-01-24 13:05:48] - [INFO] - [MainThread] - Successfully loaded data from /Users/as-mac-1233/Documents/hospital/data/doctor.json
[2026-01-24 13:07:02] - [INFO] - [MainThread] - Successfully loaded data from /Users/as-mac-1233/Documents/hospital/data/doctor.json
[2026-01-24 13:08:00] - [INFO] - [MainThread] - Successfully loaded data from /Users/as-mac-1233/Documents/hospital/data/doctor.json
[2026-01-24 13:08:35] - [INFO] - [MainThread] - Successfully loaded data from /Users/as-mac-1233/Documents/hospital/data/doctor.json
[2026-01-24 13:09:02] - [INFO] - [MainThread] - Successfully loaded data from /Users/as-mac-1233/Documents/hospital/data/doctor.json
[2026-01-24 13:16:21] - [INFO] - [MainThread] - Successfully loaded data from /Users/as-mac-1233/Documents/hospital/data/doctor.json
[2026-01-24 13:16:38] - [INFO] - [MainThread] - Successfully loaded data from /Users/as-mac-1233/Documents/hospital/data/doctor.json
[2026-01-24 13:16:47] - [INFO] - [MainThread] - Successfully loaded data from /Users/as-mac-1233/Documents/hospital/data/doctor.json
[2026-01-24 13:19:09] - [INFO] - [MainThread] - Successfully loaded data from /Users/as-mac-1233/Documents/hospital/data/doctor.json
[2026-01-24 13:19:09] - [INFO] - [MainThread] - Successfully loaded data from /Users/as-mac-1233/Documents/hospital/data/doctor.json
[2026-01-24 13:19:09] - [INFO] - [MainThread] - Successfully saved data to /Users/as-mac-1233/Documents/hospital/data/doctor.json
[2026-01-24 13:19:09] - [INFO] - [MainThread] - Successfully loaded data from /Users/as-mac-1233/Documents/hospital/data/doctor.json
[2026-01-24 13:19:43] - [INFO] - [MainThread] - Successfully loaded data from /Users/as-mac-1233/Documents/hospital/data/doctor.json
[2026-01-24 13:19:43] - [INFO] - [MainThread] - Successfully saved data to /Users/as-mac-1233/Documents/hospital/data/doctor.json
[2026-01-24 13:19:43] - [INFO] - [MainThread] - Successfully loaded data from /Users/as-mac-1233/Documents/hospital/data/doctor.json
[2026-01-24 13:19:43] - [INFO] - [MainThread] - Successfully loaded data from /Users/as-mac-1233/Documents/hospital/data/doctor.json
[2026-01-24 13:19:43] - [INFO] - [MainThread] - Successfully saved data to /Users/as-mac-1233/Documents/hospital/data/doctor.json
[2026-01-24 13:19:43] - [INFO] - [MainThread] - Successfully loaded data from /Users/as-mac-1233/Documents/hospital/data/doctor.json
[2026-01-24 13:20:05] - [INFO] - [MainThread] - Successfully loaded data from /Users/as-mac-1233/Documents/hospital/data/doctor.json
[2026-01-24 13:25:07] - [INFO] - [MainThread] - Successfully loaded data from /Users/as-mac-1233/Documents/hospital/reports/report_P0001.json
[2026-01-24 13:27:25] - [INFO] - [MainThread] - Successfully loaded data from /Users/as-mac-1233/Documents/hospital/data/patient.json
[2026-01-24 13:27:30] - [INFO] - [MainThread] - Successfully loaded data from /Users/as-mac-1233/Documents/hospital/data/appointment.json
[2026-01-24 13:27:50] - [INFO] - [MainThread] - Successfully loaded data from /Users/as-mac-1233/Documents/hospital/reports/report_P0001.json
[2026-01-24 14:08:59] - [INFO] - [MainThread] - Successfully loaded data from /Users/as-mac-1233/Documents/hospital/data/patient.json
[2026-01-24 14:09:17] - [INFO] - [MainThread] - Successfully loaded data from /Users/as-mac-1233/Documents/hospital/data/doctor.json
[2026-01-24 14:09:17] - [INFO] - [MainThread] - Successfully loaded data from /Users/as-mac-1233/Documents/hospital/data/doctor.json
[2026-01-24 14:09:19] - [INFO] - [MainThread] - Successfully loaded data from /Users/as-mac-1233/Documents/hospital/data/doctor.json
[2026-01-24 14:09:27] - [INFO] - [PatientThread-P0001] - Successfully loaded data from /Users/as-mac-1233/Documents/hospital/data/doctor.json
[2026-01-24 14:09:27] - [INFO] - [PatientThread-P0001] - Successfully loaded data from /Users/as-mac-1233/Documents/hospital/data/appointment.json
[2026-01-24 14:09:27] - [INFO] - [PatientThread-P0001] - Successfully loaded data from /Users/as-mac-1233/Documents/hospital/data/appointment.json
[2026-01-24 14:09:27] - [INFO] - [PatientThread-P0001] - Successfully saved data to /Users/as-mac-1233/Documents/hospital/data/appointment.json
[2026-01-24 14:09:27] - [INFO] - [PatientThread-P0001] - Successfully loaded data from /Users/as-mac-1233/Documents/hospital/data/doctor.json
[2026-01-24 14:09:27] - [INFO] - [PatientThread-P0001] - Successfully saved data to /Users/as-mac-1233/Documents/hospital/data/doctor.json
[2026-01-24 14:09:33] - [INFO] - [MainThread] - Successfully loaded data from /Users/as-mac-1233/Documents/hospital/data/appointment.json
[2026-01-24 14:09:47] - [INFO] - [MainThread] - Successfully loaded data from /Users/as-mac-1233/Documents/hospital/reports/report_P0001.json
[2026-01-24 14:09:55] - [INFO] - [MainThread] - Successfully loaded data from /Users/as-mac-1233/Documents/hospital/data/appointment.json
[2026-01-24 14:09:58] - [INFO] - [MainThread] - Successfully loaded data from /Users/as-mac-1233/Documents/hospital/reports/report_P0001.json
[2026-01-24 14:10:27] - [INFO] - [MainThread] - Successfully loaded data from /Users/as-mac-1233/Documents/hospital/data/patient.json
[2026-01-24 14:10:27] - [INFO] - [MainThread] - Successfully loaded data from /Users/as-mac-1233/Documents/hospital/data/doctor.json
[2026-01-24 14:10:27] - [INFO] - [MainThread] - Successfully loaded data from /Users/as-mac-1233/Documents/hospital/data/appointment.json
[2026-01-24 14:10:29] - [INFO] - [MainThread] - Successfully loaded data from /Users/as-mac-1233/Documents/hospital/data/patient.json
[2026-01-24 14:10:29] - [INFO] - [MainThread] - Successfully loaded data from /Users/as-mac-1233/Documents/hospital/data/doctor.json
[2026-01-24 14:10:29] - [INFO] - [MainThread] - Successfully loaded data from /Users/as-mac-1233/Documents/hospital/data/appointment.json
[2026-01-24 14:10:37] - [INFO] - [MainThread] - Successfully loaded data from /Users/as-mac-1233/Documents/hospital/data/appointment.json
[2026-01-24 14:10:46] - [INFO] - [MainThread] - Successfully loaded data from /Users/as-mac-1233/Documents/hospital/data/appointment.json
[2026-01-24 14:10:47] - [INFO] - [MainThread] - Successfully loaded data from /Users/as-mac-1233/Documents/hospital/data/appointment.json
[2026-01-24 14:10:47] - [INFO] - [MainThread] - Successfully loaded data from /Users/as-mac-1233/Documents/hospital/data/appointment.json
[2026-01-24 14:10:47] - [INFO] - [MainThread] - Generated diagnostic report for patient P0001
[2026-01-24 14:10:48] - [INFO] - [MainThread] - Successfully loaded data from /Users/as-mac-1233/Documents/hospital/data/appointment.json
[2026-01-24 14:10:48] - [INFO] - [MainThread] - Generated diagnostic report for patient P0001
[2026-01-24 14:10:48] - [INFO] - [MainThread] - Successfully loaded data from /Users/as-mac-1233/Documents/hospital/data/appointment.json
[2026-01-24 14:10:49] - [INFO] - [MainThread] - Successfully loaded data from /Users/as-mac-1233/Documents/hospital/data/appointment.json
[2026-01-24 14:10:49] - [INFO] - [MainThread] - Successfully loaded data from /Users/as-mac-1233/Documents/hospital/data/appointment.json
[2026-01-24 14:10:57] - [INFO] - [MainThread] - Successfully loaded data from /Users/as-mac-1233/Documents/hospital/data/doctor.json
[2026-01-24 14:11:14] - [INFO] - [MainThread] - Successfully loaded data from /Users/as-mac-1233/Documents/hospital/data/doctor.json
[2026-01-24 14:12:00] - [INFO] - [MainThread] - Successfully loaded data from /Users/as-mac-1233/Documents/hospital/data/appointment.json
[2026-01-24 14:12:10] - [INFO] - [MainThread] - Successfully loaded data from /Users/as-mac-1233/Documents/hospital/data/appointment.json
[2026-01-24 14:12:18] - [INFO] - [MainThread] - Successfully loaded data from /Users/as-mac-1233/Documents/hospital/reports/report_P0001.json
[2026-01-24 14:12:55] - [INFO] - [MainThread] - Successfully loaded data from /Users/as-mac-1233/Documents/hospital/data/doctor.json
[2026-01-24 14:12:55] - [INFO] - [MainThread] - Successfully loaded data from /Users/as-mac-1233/Documents/hospital/data/doctor.json
[2026-01-24 14:12:56] - [INFO] - [MainThread] - Successfully loaded data from /Users/as-mac-1233/Documents/hospital/data/doctor.json
[2026-01-24 14:13:09] - [INFO] - [PatientThread-P0001] - Successfully loaded data from /Users/as-mac-1233/Documents/hospital/data/doctor.json
[2026-01-24 14:13:09] - [INFO] - [PatientThread-P0001] - Successfully loaded data from /Users/as-mac-1233/Documents/hospital/data/appointment.json
[2026-01-24 14:13:09] - [INFO] - [PatientThread-P0001] - Successfully loaded data from /Users/as-mac-1233/Documents/hospital/data/appointment.json
[2026-01-24 14:13:09] - [INFO] - [PatientThread-P0001] - Successfully saved data to /Users/as-mac-1233/Documents/hospital/data/appointment.json
[2026-01-24 14:13:09] - [INFO] - [PatientThread-P0001] - Successfully loaded data from /Users/as-mac-1233/Documents/hospital/data/doctor.json
[2026-01-24 14:13:09] - [INFO] - [PatientThread-P0001] - Successfully saved data to /Users/as-mac-1233/Documents/hospital/data/doctor.json
[2026-01-24 14:13:22] - [INFO] - [MainThread] - Successfully loaded data from /Users/as-mac-1233/Documents/hospital/data/appointment.json
[2026-01-24 14:13:29] - [INFO] - [MainThread] - Successfully loaded data from /Users/as-mac-1233/Documents/hospital/reports/report_P0001.json
[2026-01-24 14:13:44] - [INFO] - [MainThread] - Successfully loaded data from /Users/as-mac-1233/Documents/hospital/data/doctor.json
[2026-01-24 14:13:44] - [INFO] - [MainThread] - Successfully saved data to /Users/as-mac-1233/Documents/hospital/data/doctor.json
[2026-01-24 14:13:54] - [INFO] - [MainThread] - Successfully loaded data from /Users/as-mac-1233/Documents/hospital/data/appointment.json
[2026-01-24 14:14:01] - [INFO] - [MainThread] - Successfully loaded data from /Users/as-mac-1233/Documents/hospital/reports/report_P0001.json
[2026-01-24 15:32:48] - [INFO] - [MainThread] - Successfully loaded data from /Users/as-mac-1233/Documents/hospital/data/patient.json
[2026-01-24 15:33:34] - [INFO] - [MainThread] - Successfully loaded data from /Users/as-mac-1233/Documents/hospital/data/patient.json
[2026-01-24 15:33:55] - [INFO] - [MainThread] - Successfully loaded data from /Users/as-mac-1233/Documents/hospital/data/doctor.json
[2026-01-24 15:33:55] - [INFO] - [MainThread] - Successfully loaded data from /Users/as-mac-1233/Documents/hospital/data/doctor.json
[2026-01-24 15:33:57] - [INFO] - [MainThread] - Successfully loaded data from /Users/as-mac-1233/Documents/hospital/data/doctor.json
[2026-01-24 15:34:09] - [INFO] - [PatientThread-P0001] - Successfully loaded data from /Users/as-mac-1233/Documents/hospital/data/doctor.json
[2026-01-24 15:34:09] - [INFO] - [PatientThread-P0001] - Successfully loaded data from /Users/as-mac-1233/Documents/hospital/data/appointment.json
[2026-01-24 15:34:09] - [INFO] - [PatientThread-P0001] - Successfully loaded data from /Users/as-mac-1233/Documents/hospital/data/appointment.json
[2026-01-24 15:34:09] - [INFO] - [PatientThread-P0001] - Successfully saved data to /Users/as-mac-1233/Documents/hospital/data/appointment.json
[2026-01-24 15:34:09] - [INFO] - [PatientThread-P0001] - Successfully loaded data from /Users/as-mac-1233/Documents/hospital/data/doctor.json
[2026-01-24 15:34:09] - [INFO] - [PatientThread-P0001] - Successfully saved data to /Users/as-mac-1233/Documents/hospital/data/doctor.json
[2026-01-24 15:34:18] - [INFO] - [MainThread] - Successfully loaded data from /Users/as-mac-1233/Documents/hospital/data/appointment.json
[2026-01-24 16:50:35] - [INFO] - [MainThread] - Successfully loaded data from /Users/as-mac-1233/Documents/hospital/data/patient.json
[2026-01-24 16:50:42] - [INFO] - [MainThread] - Successfully loaded data from /Users/as-mac-1233/Documents/hospital/data/doctor.json
[2026-01-24 16:50:42] - [INFO] - [MainThread] - Successfully loaded data from /Users/as-mac-1233/Documents/hospital/data/doctor.json
